22:15:35.696 [main] INFO  testCases.TC_003_LoginDDT - **** Starting TC_003_LoginDDT *****
22:15:46.410 [main] INFO  testCases.TC_003_LoginDDT - **** Finished TC_003_LoginDDT *****
22:15:46.414 [main] INFO  testCases.TC_003_LoginDDT - **** Starting TC_003_LoginDDT *****
22:15:47.648 [main] INFO  testCases.TC_003_LoginDDT - **** Finished TC_003_LoginDDT *****
12:29:44.838 [main] DEBUG org.testng.TestNG - suiteXmlPath: "D:\Eclipse\workspace\opencart\final.xml"
12:29:45.231 [main] INFO  org.testng.internal.Utils - [TestNG] Running:
  D:\Eclipse\workspace\opencart\final.xml

12:29:49.785 [main] INFO  testCases.TC_001_AccountRegistrationTest - ***** starting TC_001_AccountRegistrationTest*****
12:29:49.785 [main] DEBUG testCases.TC_001_AccountRegistrationTest - application logs started......
12:29:49.904 [main] ERROR testCases.TC_001_AccountRegistrationTest - test failed..
12:29:49.905 [main] DEBUG testCases.TC_001_AccountRegistrationTest - debug logs....
12:29:51.898 [main] INFO  testCases.TC_002_LoginTest - **** Starting TC_002_LoginTest  ****
12:29:51.902 [main] DEBUG testCases.TC_002_LoginTest - capturing application debug logs....
12:30:25.523 [main] DEBUG org.testng.TestNG - suiteXmlPath: "D:\Eclipse\workspace\opencart\final.xml"
12:30:25.823 [main] INFO  org.testng.internal.Utils - [TestNG] Running:
  D:\Eclipse\workspace\opencart\final.xml

12:30:28.026 [main] INFO  testCases.TC_001_AccountRegistrationTest - ***** starting TC_001_AccountRegistrationTest*****
12:30:28.026 [main] DEBUG testCases.TC_001_AccountRegistrationTest - application logs started......
12:30:28.103 [main] ERROR testCases.TC_001_AccountRegistrationTest - test failed..
12:30:28.104 [main] DEBUG testCases.TC_001_AccountRegistrationTest - debug logs....
12:30:29.841 [main] INFO  testCases.TC_002_LoginTest - **** Starting TC_002_LoginTest  ****
12:30:29.842 [main] DEBUG testCases.TC_002_LoginTest - capturing application debug logs....
12:31:29.694 [main] DEBUG org.testng.TestNG - suiteXmlPath: "D:\Eclipse\workspace\opencart\final.xml"
12:31:30.076 [main] INFO  org.testng.internal.Utils - [TestNG] Running:
  D:\Eclipse\workspace\opencart\final.xml

12:31:33.220 [main] INFO  testCases.TC_001_AccountRegistrationTest - ***** starting TC_001_AccountRegistrationTest*****
12:31:33.220 [main] DEBUG testCases.TC_001_AccountRegistrationTest - application logs started......
12:31:33.318 [main] ERROR testCases.TC_001_AccountRegistrationTest - test failed..
12:31:33.318 [main] DEBUG testCases.TC_001_AccountRegistrationTest - debug logs....
12:31:35.415 [main] INFO  testCases.TC_002_LoginTest - **** Starting TC_002_LoginTest  ****
12:31:35.416 [main] DEBUG testCases.TC_002_LoginTest - capturing application debug logs....
12:33:20.153 [main] DEBUG org.testng.TestNG - suiteXmlPath: "D:\Eclipse\workspace\opencart\master.xml"
12:33:20.506 [main] INFO  org.testng.internal.Utils - [TestNG] Running:
  D:\Eclipse\workspace\opencart\master.xml

12:33:23.434 [main] INFO  testCases.TC_001_AccountRegistrationTest - ***** starting TC_001_AccountRegistrationTest*****
12:33:23.434 [main] DEBUG testCases.TC_001_AccountRegistrationTest - application logs started......
12:33:23.517 [main] ERROR testCases.TC_001_AccountRegistrationTest - test failed..
12:33:23.517 [main] DEBUG testCases.TC_001_AccountRegistrationTest - debug logs....
12:33:25.296 [main] INFO  testCases.TC_002_LoginTest - **** Starting TC_002_LoginTest  ****
12:33:25.297 [main] DEBUG testCases.TC_002_LoginTest - capturing application debug logs....
12:34:58.903 [main] DEBUG org.testng.TestNG - suiteXmlPath: "D:\Eclipse\workspace\opencart\master.xml"
12:34:59.250 [main] INFO  org.testng.internal.Utils - [TestNG] Running:
  D:\Eclipse\workspace\opencart\master.xml

12:35:15.305 [main] INFO  testCases.TC_001_AccountRegistrationTest - ***** starting TC_001_AccountRegistrationTest*****
12:35:15.305 [main] DEBUG testCases.TC_001_AccountRegistrationTest - application logs started......
12:35:15.390 [main] ERROR testCases.TC_001_AccountRegistrationTest - test failed..
12:35:15.391 [main] DEBUG testCases.TC_001_AccountRegistrationTest - debug logs....
12:35:17.128 [main] INFO  testCases.TC_002_LoginTest - **** Starting TC_002_LoginTest  ****
12:35:17.129 [main] DEBUG testCases.TC_002_LoginTest - capturing application debug logs....
12:37:04.028 [main] DEBUG org.testng.TestNG - suiteXmlPath: "D:\Eclipse\workspace\opencart\master.xml"
12:37:04.420 [main] INFO  org.testng.internal.Utils - [TestNG] Running:
  D:\Eclipse\workspace\opencart\master.xml

12:37:14.504 [main] INFO  testCases.TC_001_AccountRegistrationTest - ***** starting TC_001_AccountRegistrationTest*****
12:37:14.504 [main] DEBUG testCases.TC_001_AccountRegistrationTest - application logs started......
12:37:14.651 [main] INFO  testCases.TC_001_AccountRegistrationTest - Clicked on MyAccount link
12:37:15.468 [main] INFO  testCases.TC_001_AccountRegistrationTest - Clicked on registration link
12:37:15.468 [main] INFO  testCases.TC_001_AccountRegistrationTest - Entering customer details.. 
